<?xml version="1.0" encoding="UTF-8"?>
<testng-results ignored="0" total="1" passed="1" failed="0" skipped="0">
  <reporter-output>
  </reporter-output>
  <suite started-at="2023-12-06T18:03:43 IST" name="Default suite" finished-at="2023-12-06T18:03:45 IST" duration-ms="2348">
    <groups>
    </groups>
    <test started-at="2023-12-06T18:03:43 IST" name="Default test" finished-at="2023-12-06T18:03:45 IST" duration-ms="2348">
      <class name="Session6.JSONObjectUsingJacksonAPI">
        <test-method signature="createUser()[pri:0, instance:Session6.JSONObjectUsingJacksonAPI@48aca48b]" started-at="2023-12-06T18:03:43 IST" name="createUser" finished-at="2023-12-06T18:03:45 IST" duration-ms="2313" status="PASS">
          <reporter-output>
          </reporter-output>
        </test-method> <!-- createUser -->
      </class> <!-- Session6.JSONObjectUsingJacksonAPI -->
    </test> <!-- Default test -->
  </suite> <!-- Default suite -->
</testng-results>
