<?xml version="1.0" encoding="UTF-8"?>
<testng-results ignored="0" total="1" passed="1" failed="0" skipped="0">
  <reporter-output>
  </reporter-output>
  <suite started-at="2023-12-15T10:55:58 IST" name="Default suite" finished-at="2023-12-15T10:56:01 IST" duration-ms="2773">
    <groups>
    </groups>
    <test started-at="2023-12-15T10:55:58 IST" name="Default test" finished-at="2023-12-15T10:56:01 IST" duration-ms="2773">
      <class name="Session10.DemoNestedJSONPayload">
        <test-method signature="createUser()[pri:0, instance:Session10.DemoNestedJSONPayload@26e356f0]" started-at="2023-12-15T10:55:58 IST" name="createUser" finished-at="2023-12-15T10:56:01 IST" duration-ms="2728" status="PASS">
          <reporter-output>
          </reporter-output>
        </test-method> <!-- createUser -->
      </class> <!-- Session10.DemoNestedJSONPayload -->
    </test> <!-- Default test -->
  </suite> <!-- Default suite -->
</testng-results>
